sliding_menu/build/outputs/logs/manifest-merger-release-report.txt
-- Merging decision tree log ---
manifest
ADDED from Trydemo\sliding_menu\AndroidManifest.xml:2:1-9:12
INJECTED from Trydemo\sliding_menu\AndroidManifest.xml:2:1-9:12
INJECTED from Trydemo\sliding_menu\AndroidManifest.xml:2:1-9:12
	package
		ADDED from Trydemo\sliding_menu\AndroidManifest.xml:3:5-50
		INJECTED from Trydemo\sliding_menu\AndroidManifest.xml
		INJECTED from Trydemo\sliding_menu\AndroidManifest.xml
	xmlns:android
		ADDED from Trydemo\sliding_menu\AndroidManifest.xml:2:11-69
uses-sdk
ADDED from Trydemo\sliding_menu\AndroidManifest.xml:5:5-7:41
INJECTED from Trydemo\sliding_menu\AndroidManifest.xml:5:5-7:41
INJECTED from Trydemo\sliding_menu\AndroidManifest.xml:5:5-7:41
INJECTED from Trydemo\sliding_menu\AndroidManifest.xml:5:5-7:41
INJECTED from Trydemo\sliding_menu\AndroidManifest.xml:5:5-7:41
	android:targetSdkVersion
		ADDED from Trydemo\sliding_menu\AndroidManifest.xml:7:9-38
		INJECTED from Trydemo\sliding_menu\AndroidManifest.xml
		INJECTED from Trydemo\sliding_menu\AndroidManifest.xml
	android:minSdkVersion
		ADDED from Trydemo\sliding_menu\AndroidManifest.xml:6:9-35
		INJECTED from Trydemo\sliding_menu\AndroidManifest.xml
		INJECTED from Trydemo\sliding_menu\AndroidManifest.xml